<?xml version="1.0" encoding="UTF-8"?>
<!-- Generated by org.testng.reporters.JUnitReportReporter -->
<testsuite skipped="0" hostname="Home-PC" name="testcases.LoginTest" tests="1" failures="0" timestamp="13 Mar 2021 05:53:20 GMT" time="10.545" errors="0">
  <testcase name="loginApp" time="10.545" classname="testcases.LoginTest"/>
</testsuite> <!-- testcases.LoginTest -->
