<?xml version="1.0" encoding="UTF-8"?>
<!-- Generated by org.testng.reporters.JUnitReportReporter -->
<testsuite skipped="0" hostname="Home-PC" name="testcases.LoginTest" tests="1" failures="0" timestamp="13 Mar 2021 19:46:30 GMT" time="8.688" errors="0">
  <testcase name="loginApp" time="8.688" classname="testcases.LoginTest"/>
</testsuite> <!-- testcases.LoginTest -->
